    OpenRGB v0.9+ (1.0rc2)
    Commit:  from 
    Launched: 20251201_124945
====================================================================================================

0     |Info:    [ProfileManager] Found file: default.orp attempting to validate header
0     |Info:    [ProfileManager] Valid v5 profile found for default
0     |Info:    [ProfileManager] Found file: test.orp attempting to validate header
0     |Info:    [ProfileManager] Valid v5 profile found for test
52    |Info:    [ResourceManager] Initializing HID interfaces: Success
52    |Info:    ------------------------------------------------------
52    |Info:    |               Start device detection               |
52    |Info:    ------------------------------------------------------
67    |Info:    ------------------------------------------------------
67    |Info:    |             Detecting I2C interfaces               |
67    |Info:    ------------------------------------------------------
69    |Info:    [ResourceManager] Registering I2C interface: /dev/i2c-3 Device 8086:9BC4 Subsystem: 17AA:3FCF
69    |Info:    [ResourceManager] Registering I2C interface: /dev/i2c-10 Device 10DE:1ED3 Subsystem: 17AA:3FCF
69    |Info:    [ResourceManager] Registering I2C interface: /dev/i2c-1 Device 0000:0000 Subsystem: 0000:0000
69    |Info:    [ResourceManager] Registering I2C interface: /dev/i2c-8 Device 8086:06A3 Subsystem: 17AA:3804
69    |Warning: [i2c_smbus_linux] Failed to read i2c device PCI device ID
69    |Info:    [ResourceManager] Registering I2C interface: /dev/i2c-6 Device 0000:0000 Subsystem: 0000:0000
69    |Info:    [ResourceManager] Registering I2C interface: /dev/i2c-13 Device 10DE:1ED3 Subsystem: 17AA:3FCF
69    |Info:    [ResourceManager] Registering I2C interface: /dev/i2c-4 Device 8086:9BC4 Subsystem: 17AA:3FCF
69    |Info:    [ResourceManager] Registering I2C interface: /dev/i2c-11 Device 10DE:1ED3 Subsystem: 17AA:3FCF
70    |Info:    [ResourceManager] Registering I2C interface: /dev/i2c-2 Device 8086:9BC4 Subsystem: 17AA:3FCF
70    |Info:    [ResourceManager] Registering I2C interface: /dev/i2c-0 Device 0000:0000 Subsystem: 0000:0000
70    |Info:    [ResourceManager] Registering I2C interface: /dev/i2c-9 Device 10DE:1ED3 Subsystem: 17AA:3FCF
70    |Info:    [ResourceManager] Registering I2C interface: /dev/i2c-7 Device 10DE:1AD9 Subsystem: 17AA:3FCE
70    |Info:    [ResourceManager] Registering I2C interface: /dev/i2c-MSFT0001:01 Device 0000:0000 Subsystem: 0000:0000
70    |Info:    [ResourceManager] Registering I2C interface: /dev/i2c-14 Device 10DE:1ED3 Subsystem: 17AA:3FCF
70    |Info:    [ResourceManager] Registering I2C interface: /dev/i2c-5 Device 8086:9BC4 Subsystem: 17AA:3FCF
70    |Info:    [ResourceManager] Registering I2C interface: /dev/i2c-12 Device 10DE:1ED3 Subsystem: 17AA:3FCF
70    |Info:    ------------------------------------------------------
70    |Info:    |               Detecting I2C devices                |
70    |Info:    ------------------------------------------------------
635   |Info:    ------------------------------------------------------
635   |Info:    |            Detecting I2C DIMM modules              |
635   |Info:    ------------------------------------------------------
888   |Info:    [ResourceManager] Detected occupied slot 1, bus 3, type DDR4
1058  |Info:    ------------------------------------------------------
1058  |Info:    |               Detecting I2C PCI devices            |
1058  |Info:    ------------------------------------------------------
1059  |Info:    ------------------------------------------------------
1059  |Info:    |               Detecting HID devices                |
1059  |Info:    ------------------------------------------------------
1063  |Info:    [Lenovo Legion 7 Gen 5] Registering RGB controller
1063  |Info:    ------------------------------------------------------
1063  |Info:    |            Detecting libusb HID devices            |
1063  |Info:    ------------------------------------------------------
1078  |Info:    ------------------------------------------------------
1078  |Info:    |              Detecting other devices               |
1078  |Info:    ------------------------------------------------------
1110  |Info:    [ResourceManager] Calling Post-detection callbacks
1110  |Info:    ------------------------------------------------------
1110  |Info:    |                Detection completed                 |
1110  |Info:    ------------------------------------------------------
1110  |Dialog:  <h2>Some internal devices may not be detected:</h2><p>One or more I2C or SMBus interfaces failed to initialize.</p><p><b>RGB DRAM modules, some motherboards' onboard RGB lighting, and RGB Graphics Cards, will not be available in OpenRGB</b> without I2C or SMBus.</p><h4>How to fix this:</h4><p>On Linux, this is usually because the i2c-dev module is not loaded.</p><p>You must load the i2c-dev module along with the correct i2c driver for your motherboard. This is usually i2c-piix4 for AMD systems and i2c-i801 for Intel systems.</p><p>See <a href='https://help.openrgb.org/'>help.openrgb.org</a> for additional troubleshooting steps if you keep seeing this message.<br></p><h3>If you are not using internal RGB on a desktop this message is not important to you.</h3>
11710 |Info:    [ResourceManager] Initializing HID interfaces: Success
11710 |Info:    ------------------------------------------------------
11710 |Info:    |               Start device detection               |
11710 |Info:    ------------------------------------------------------
11725 |Info:    ------------------------------------------------------
11725 |Info:    |             Detecting I2C interfaces               |
11725 |Info:    ------------------------------------------------------
11725 |Info:    [ResourceManager] Registering I2C interface: /dev/i2c-3 Device 8086:9BC4 Subsystem: 17AA:3FCF
11725 |Info:    [ResourceManager] Registering I2C interface: /dev/i2c-10 Device 10DE:1ED3 Subsystem: 17AA:3FCF
11725 |Info:    [ResourceManager] Registering I2C interface: /dev/i2c-1 Device 0000:0000 Subsystem: 0000:0000
11726 |Info:    [ResourceManager] Registering I2C interface: /dev/i2c-8 Device 8086:06A3 Subsystem: 17AA:3804
11726 |Warning: [i2c_smbus_linux] Failed to read i2c device PCI device ID
11726 |Info:    [ResourceManager] Registering I2C interface: /dev/i2c-6 Device 0000:0000 Subsystem: 0000:0000
11726 |Info:    [ResourceManager] Registering I2C interface: /dev/i2c-13 Device 10DE:1ED3 Subsystem: 17AA:3FCF
11726 |Info:    [ResourceManager] Registering I2C interface: /dev/i2c-4 Device 8086:9BC4 Subsystem: 17AA:3FCF
11726 |Info:    [ResourceManager] Registering I2C interface: /dev/i2c-11 Device 10DE:1ED3 Subsystem: 17AA:3FCF
11726 |Info:    [ResourceManager] Registering I2C interface: /dev/i2c-2 Device 8086:9BC4 Subsystem: 17AA:3FCF
11726 |Info:    [ResourceManager] Registering I2C interface: /dev/i2c-0 Device 0000:0000 Subsystem: 0000:0000
11726 |Info:    [ResourceManager] Registering I2C interface: /dev/i2c-9 Device 10DE:1ED3 Subsystem: 17AA:3FCF
11726 |Info:    [ResourceManager] Registering I2C interface: /dev/i2c-7 Device 10DE:1AD9 Subsystem: 17AA:3FCE
11726 |Info:    [ResourceManager] Registering I2C interface: /dev/i2c-MSFT0001:01 Device 0000:0000 Subsystem: 0000:0000
11726 |Info:    [ResourceManager] Registering I2C interface: /dev/i2c-14 Device 10DE:1ED3 Subsystem: 17AA:3FCF
11726 |Info:    [ResourceManager] Registering I2C interface: /dev/i2c-5 Device 8086:9BC4 Subsystem: 17AA:3FCF
11726 |Info:    [ResourceManager] Registering I2C interface: /dev/i2c-12 Device 10DE:1ED3 Subsystem: 17AA:3FCF
11726 |Info:    ------------------------------------------------------
11726 |Info:    |               Detecting I2C devices                |
11726 |Info:    ------------------------------------------------------
12301 |Info:    ------------------------------------------------------
12301 |Info:    |            Detecting I2C DIMM modules              |
12301 |Info:    ------------------------------------------------------
12555 |Info:    [ResourceManager] Detected occupied slot 1, bus 3, type DDR4
12726 |Info:    ------------------------------------------------------
12726 |Info:    |               Detecting I2C PCI devices            |
12726 |Info:    ------------------------------------------------------
12727 |Info:    ------------------------------------------------------
12727 |Info:    |               Detecting HID devices                |
12727 |Info:    ------------------------------------------------------
12730 |Info:    [Lenovo Legion 7 Gen 5] Registering RGB controller
12730 |Info:    ------------------------------------------------------
12730 |Info:    |            Detecting libusb HID devices            |
12730 |Info:    ------------------------------------------------------
12733 |Info:    ------------------------------------------------------
12733 |Info:    |              Detecting other devices               |
12733 |Info:    ------------------------------------------------------
12745 |Info:    [ResourceManager] Calling Post-detection callbacks
12745 |Info:    ------------------------------------------------------
12745 |Info:    |                Detection completed                 |
12745 |Info:    ------------------------------------------------------
12745 |Dialog:  <h2>Some internal devices may not be detected:</h2><p>One or more I2C or SMBus interfaces failed to initialize.</p><p><b>RGB DRAM modules, some motherboards' onboard RGB lighting, and RGB Graphics Cards, will not be available in OpenRGB</b> without I2C or SMBus.</p><h4>How to fix this:</h4><p>On Linux, this is usually because the i2c-dev module is not loaded.</p><p>You must load the i2c-dev module along with the correct i2c driver for your motherboard. This is usually i2c-piix4 for AMD systems and i2c-i801 for Intel systems.</p><p>See <a href='https://help.openrgb.org/'>help.openrgb.org</a> for additional troubleshooting steps if you keep seeing this message.<br></p><h3>If you are not using internal RGB on a desktop this message is not important to you.</h3>
217119|ERROR:   [OpenRGBPluginsPage] Failed to install plugin: filesystem error: cannot copy: No such file or directory [] [/home/rlegacy/.config/OpenRGB/plugins/]
227282|Info:    [ResourceManager] Initializing HID interfaces: Success
227282|Info:    ------------------------------------------------------
227282|Info:    |               Start device detection               |
227282|Info:    ------------------------------------------------------
227297|Info:    ------------------------------------------------------
227297|Info:    |             Detecting I2C interfaces               |
227297|Info:    ------------------------------------------------------
227298|Info:    [ResourceManager] Registering I2C interface: /dev/i2c-3 Device 8086:9BC4 Subsystem: 17AA:3FCF
227298|Info:    [ResourceManager] Registering I2C interface: /dev/i2c-10 Device 10DE:1ED3 Subsystem: 17AA:3FCF
227298|Info:    [ResourceManager] Registering I2C interface: /dev/i2c-1 Device 0000:0000 Subsystem: 0000:0000
227298|Info:    [ResourceManager] Registering I2C interface: /dev/i2c-8 Device 8086:06A3 Subsystem: 17AA:3804
227298|Warning: [i2c_smbus_linux] Failed to read i2c device PCI device ID
227298|Info:    [ResourceManager] Registering I2C interface: /dev/i2c-6 Device 0000:0000 Subsystem: 0000:0000
227298|Info:    [ResourceManager] Registering I2C interface: /dev/i2c-13 Device 10DE:1ED3 Subsystem: 17AA:3FCF
227298|Info:    [ResourceManager] Registering I2C interface: /dev/i2c-4 Device 8086:9BC4 Subsystem: 17AA:3FCF
227298|Info:    [ResourceManager] Registering I2C interface: /dev/i2c-11 Device 10DE:1ED3 Subsystem: 17AA:3FCF
227298|Info:    [ResourceManager] Registering I2C interface: /dev/i2c-2 Device 8086:9BC4 Subsystem: 17AA:3FCF
227298|Info:    [ResourceManager] Registering I2C interface: /dev/i2c-0 Device 0000:0000 Subsystem: 0000:0000
227298|Info:    [ResourceManager] Registering I2C interface: /dev/i2c-9 Device 10DE:1ED3 Subsystem: 17AA:3FCF
227298|Info:    [ResourceManager] Registering I2C interface: /dev/i2c-7 Device 10DE:1AD9 Subsystem: 17AA:3FCE
227298|Info:    [ResourceManager] Registering I2C interface: /dev/i2c-MSFT0001:01 Device 0000:0000 Subsystem: 0000:0000
227299|Info:    [ResourceManager] Registering I2C interface: /dev/i2c-14 Device 10DE:1ED3 Subsystem: 17AA:3FCF
227299|Info:    [ResourceManager] Registering I2C interface: /dev/i2c-5 Device 8086:9BC4 Subsystem: 17AA:3FCF
227299|Info:    [ResourceManager] Registering I2C interface: /dev/i2c-12 Device 10DE:1ED3 Subsystem: 17AA:3FCF
227299|Info:    ------------------------------------------------------
227299|Info:    |               Detecting I2C devices                |
227299|Info:    ------------------------------------------------------
227878|Info:    ------------------------------------------------------
227878|Info:    |            Detecting I2C DIMM modules              |
227878|Info:    ------------------------------------------------------
228130|Info:    [ResourceManager] Detected occupied slot 1, bus 3, type DDR4
228300|Info:    ------------------------------------------------------
228300|Info:    |               Detecting I2C PCI devices            |
228300|Info:    ------------------------------------------------------
228301|Info:    ------------------------------------------------------
228301|Info:    |               Detecting HID devices                |
228301|Info:    ------------------------------------------------------
228304|Info:    [Lenovo Legion 7 Gen 5] Registering RGB controller
228304|Info:    ------------------------------------------------------
228304|Info:    |            Detecting libusb HID devices            |
228305|Info:    ------------------------------------------------------
228307|Info:    ------------------------------------------------------
228307|Info:    |              Detecting other devices               |
228307|Info:    ------------------------------------------------------
228319|Info:    [ResourceManager] Calling Post-detection callbacks
228319|Info:    ------------------------------------------------------
228319|Info:    |                Detection completed                 |
228319|Info:    ------------------------------------------------------
228319|Dialog:  <h2>Some internal devices may not be detected:</h2><p>One or more I2C or SMBus interfaces failed to initialize.</p><p><b>RGB DRAM modules, some motherboards' onboard RGB lighting, and RGB Graphics Cards, will not be available in OpenRGB</b> without I2C or SMBus.</p><h4>How to fix this:</h4><p>On Linux, this is usually because the i2c-dev module is not loaded.</p><p>You must load the i2c-dev module along with the correct i2c driver for your motherboard. This is usually i2c-piix4 for AMD systems and i2c-i801 for Intel systems.</p><p>See <a href='https://help.openrgb.org/'>help.openrgb.org</a> for additional troubleshooting steps if you keep seeing this message.<br></p><h3>If you are not using internal RGB on a desktop this message is not important to you.</h3>
