    OpenRGB v0.9+ (1.0rc2)
    Commit:  from 
    Launched: 20251128_120241
====================================================================================================

0     |Info:    [ProfileManager] Found file: default.orp attempting to validate header
0     |Info:    [ProfileManager] Valid v5 profile found for default
0     |Info:    [ProfileManager] Found file: test.orp attempting to validate header
0     |Info:    [ProfileManager] Valid v5 profile found for test
53    |Info:    [ResourceManager] Initializing HID interfaces: Success
53    |Info:    ------------------------------------------------------
53    |Info:    |               Start device detection               |
53    |Info:    ------------------------------------------------------
54    |Info:    ------------------------------------------------------
54    |Info:    |             Detecting I2C interfaces               |
54    |Info:    ------------------------------------------------------
54    |Info:    [ResourceManager] Registering I2C interface: /dev/i2c-3 Device 8086:9BC4 Subsystem: 17AA:3FCF
54    |Info:    [ResourceManager] Registering I2C interface: /dev/i2c-10 Device 10DE:1ED3 Subsystem: 17AA:3FCF
54    |Info:    [ResourceManager] Registering I2C interface: /dev/i2c-1 Device 0000:0000 Subsystem: 0000:0000
54    |Info:    [ResourceManager] Registering I2C interface: /dev/i2c-8 Device 8086:06A3 Subsystem: 17AA:3804
54    |Warning: [i2c_smbus_linux] Failed to read i2c device PCI device ID
54    |Info:    [ResourceManager] Registering I2C interface: /dev/i2c-6 Device 0000:0000 Subsystem: 0000:0000
55    |Info:    [ResourceManager] Registering I2C interface: /dev/i2c-13 Device 10DE:1ED3 Subsystem: 17AA:3FCF
55    |Info:    [ResourceManager] Registering I2C interface: /dev/i2c-4 Device 8086:9BC4 Subsystem: 17AA:3FCF
55    |Info:    [ResourceManager] Registering I2C interface: /dev/i2c-11 Device 10DE:1ED3 Subsystem: 17AA:3FCF
55    |Info:    [ResourceManager] Registering I2C interface: /dev/i2c-2 Device 8086:9BC4 Subsystem: 17AA:3FCF
55    |Info:    [ResourceManager] Registering I2C interface: /dev/i2c-0 Device 0000:0000 Subsystem: 0000:0000
55    |Info:    [ResourceManager] Registering I2C interface: /dev/i2c-9 Device 10DE:1ED3 Subsystem: 17AA:3FCF
55    |Info:    [ResourceManager] Registering I2C interface: /dev/i2c-7 Device 10DE:1AD9 Subsystem: 17AA:3FCE
55    |Info:    [ResourceManager] Registering I2C interface: /dev/i2c-MSFT0001:01 Device 0000:0000 Subsystem: 0000:0000
55    |Info:    [ResourceManager] Registering I2C interface: /dev/i2c-14 Device 10DE:1ED3 Subsystem: 17AA:3FCF
55    |Info:    [ResourceManager] Registering I2C interface: /dev/i2c-5 Device 8086:9BC4 Subsystem: 17AA:3FCF
55    |Info:    [ResourceManager] Registering I2C interface: /dev/i2c-12 Device 10DE:1ED3 Subsystem: 17AA:3FCF
55    |Info:    ------------------------------------------------------
55    |Info:    |               Detecting I2C devices                |
55    |Info:    ------------------------------------------------------
412   |Info:    ------------------------------------------------------
412   |Info:    |            Detecting I2C DIMM modules              |
412   |Info:    ------------------------------------------------------
671   |Info:    [ResourceManager] Detected occupied slot 1, bus 3, type DDR4
845   |Info:    ------------------------------------------------------
845   |Info:    |               Detecting I2C PCI devices            |
845   |Info:    ------------------------------------------------------
846   |Info:    ------------------------------------------------------
846   |Info:    |               Detecting HID devices                |
846   |Info:    ------------------------------------------------------
851   |Info:    [Lenovo Legion 7 Gen 5] Registering RGB controller
851   |Info:    ------------------------------------------------------
851   |Info:    |            Detecting libusb HID devices            |
851   |Info:    ------------------------------------------------------
859   |Info:    ------------------------------------------------------
859   |Info:    |              Detecting other devices               |
859   |Info:    ------------------------------------------------------
876   |Info:    [ResourceManager] Calling Post-detection callbacks
876   |Info:    ------------------------------------------------------
876   |Info:    |                Detection completed                 |
876   |Info:    ------------------------------------------------------
876   |Dialog:  <h2>Some internal devices may not be detected:</h2><p>One or more I2C or SMBus interfaces failed to initialize.</p><p><b>RGB DRAM modules, some motherboards' onboard RGB lighting, and RGB Graphics Cards, will not be available in OpenRGB</b> without I2C or SMBus.</p><h4>How to fix this:</h4><p>On Linux, this is usually because the i2c-dev module is not loaded.</p><p>You must load the i2c-dev module along with the correct i2c driver for your motherboard. This is usually i2c-piix4 for AMD systems and i2c-i801 for Intel systems.</p><p>See <a href='https://help.openrgb.org/'>help.openrgb.org</a> for additional troubleshooting steps if you keep seeing this message.<br></p><h3>If you are not using internal RGB on a desktop this message is not important to you.</h3>
876   |Info:    [ProfileManager] Profile loading: Succeeded for Lenovo Legion 7 Gen 5 @ 
