    OpenRGB v0.9+ (1.0rc2)
    Commit:  from 
    Launched: 20251128_095704
====================================================================================================

1     |Info:    [ProfileManager] Found file: default.orp attempting to validate header
3     |Info:    [ProfileManager] Valid v5 profile found for default
3     |Info:    [ProfileManager] Found file: test.orp attempting to validate header
4     |Info:    [ProfileManager] Valid v5 profile found for test
58    |Info:    [ResourceManager] Initializing HID interfaces: Success
58    |Info:    ------------------------------------------------------
58    |Info:    |               Start device detection               |
58    |Info:    ------------------------------------------------------
61    |Info:    ------------------------------------------------------
61    |Info:    |             Detecting I2C interfaces               |
61    |Info:    ------------------------------------------------------
61    |Info:    [ResourceManager] Registering I2C interface: /dev/i2c-3 Device 8086:9BC4 Subsystem: 17AA:3FCF
61    |Info:    [ResourceManager] Registering I2C interface: /dev/i2c-10 Device 10DE:1ED3 Subsystem: 17AA:3FCF
61    |Info:    [ResourceManager] Registering I2C interface: /dev/i2c-1 Device 0000:0000 Subsystem: 0000:0000
61    |Info:    [ResourceManager] Registering I2C interface: /dev/i2c-8 Device 8086:06A3 Subsystem: 17AA:3804
61    |Warning: [i2c_smbus_linux] Failed to read i2c device PCI device ID
61    |Info:    [ResourceManager] Registering I2C interface: /dev/i2c-6 Device 0000:0000 Subsystem: 0000:0000
61    |Info:    [ResourceManager] Registering I2C interface: /dev/i2c-13 Device 10DE:1ED3 Subsystem: 17AA:3FCF
61    |Info:    [ResourceManager] Registering I2C interface: /dev/i2c-4 Device 8086:9BC4 Subsystem: 17AA:3FCF
61    |Info:    [ResourceManager] Registering I2C interface: /dev/i2c-11 Device 10DE:1ED3 Subsystem: 17AA:3FCF
62    |Info:    [ResourceManager] Registering I2C interface: /dev/i2c-2 Device 8086:9BC4 Subsystem: 17AA:3FCF
62    |Info:    [ResourceManager] Registering I2C interface: /dev/i2c-0 Device 0000:0000 Subsystem: 0000:0000
62    |Info:    [ResourceManager] Registering I2C interface: /dev/i2c-9 Device 10DE:1ED3 Subsystem: 17AA:3FCF
62    |Info:    [ResourceManager] Registering I2C interface: /dev/i2c-7 Device 10DE:1AD9 Subsystem: 17AA:3FCE
62    |Info:    [ResourceManager] Registering I2C interface: /dev/i2c-MSFT0001:01 Device 0000:0000 Subsystem: 0000:0000
62    |Info:    [ResourceManager] Registering I2C interface: /dev/i2c-14 Device 10DE:1ED3 Subsystem: 17AA:3FCF
62    |Info:    [ResourceManager] Registering I2C interface: /dev/i2c-5 Device 8086:9BC4 Subsystem: 17AA:3FCF
62    |Info:    [ResourceManager] Registering I2C interface: /dev/i2c-12 Device 10DE:1ED3 Subsystem: 17AA:3FCF
62    |Info:    ------------------------------------------------------
62    |Info:    |               Detecting I2C devices                |
62    |Info:    ------------------------------------------------------
433   |Info:    ------------------------------------------------------
434   |Info:    |            Detecting I2C DIMM modules              |
434   |Info:    ------------------------------------------------------
704   |Info:    [ResourceManager] Detected occupied slot 1, bus 3, type DDR4
890   |Info:    ------------------------------------------------------
890   |Info:    |               Detecting I2C PCI devices            |
890   |Info:    ------------------------------------------------------
891   |Info:    ------------------------------------------------------
891   |Info:    |               Detecting HID devices                |
891   |Info:    ------------------------------------------------------
895   |Info:    [Lenovo Legion 7 Gen 5] Registering RGB controller
895   |Info:    ------------------------------------------------------
895   |Info:    |            Detecting libusb HID devices            |
895   |Info:    ------------------------------------------------------
907   |Info:    ------------------------------------------------------
907   |Info:    |              Detecting other devices               |
907   |Info:    ------------------------------------------------------
929   |Info:    [ResourceManager] Calling Post-detection callbacks
929   |Info:    ------------------------------------------------------
929   |Info:    |                Detection completed                 |
929   |Info:    ------------------------------------------------------
929   |Dialog:  <h2>Some internal devices may not be detected:</h2><p>One or more I2C or SMBus interfaces failed to initialize.</p><p><b>RGB DRAM modules, some motherboards' onboard RGB lighting, and RGB Graphics Cards, will not be available in OpenRGB</b> without I2C or SMBus.</p><h4>How to fix this:</h4><p>On Linux, this is usually because the i2c-dev module is not loaded.</p><p>You must load the i2c-dev module along with the correct i2c driver for your motherboard. This is usually i2c-piix4 for AMD systems and i2c-i801 for Intel systems.</p><p>See <a href='https://help.openrgb.org/'>help.openrgb.org</a> for additional troubleshooting steps if you keep seeing this message.<br></p><h3>If you are not using internal RGB on a desktop this message is not important to you.</h3>
930   |Info:    [ProfileManager] Profile loading: Succeeded for Lenovo Legion 7 Gen 5 @ 
