    OpenRGB v0.9+ (1.0rc2)
    Commit:  from 
    Launched: 20251124_035903
====================================================================================================

0     |Info:    [ProfileManager] Found file: default.orp attempting to validate header
4     |Info:    [ProfileManager] Valid v5 profile found for default
59    |Info:    [ResourceManager] Initializing HID interfaces: Success
59    |Info:    ------------------------------------------------------
59    |Info:    |               Start device detection               |
59    |Info:    ------------------------------------------------------
63    |Info:    ------------------------------------------------------
63    |Info:    |             Detecting I2C interfaces               |
63    |Info:    ------------------------------------------------------
63    |Info:    [ResourceManager] Registering I2C interface: /dev/i2c-3 Device 8086:9BC4 Subsystem: 17AA:3FCF
63    |Info:    [ResourceManager] Registering I2C interface: /dev/i2c-1 Device 0000:0000 Subsystem: 0000:0000
63    |Info:    [ResourceManager] Registering I2C interface: /dev/i2c-8 Device 8086:06A3 Subsystem: 17AA:3804
63    |Warning: [i2c_smbus_linux] Failed to read i2c device PCI device ID
63    |Info:    [ResourceManager] Registering I2C interface: /dev/i2c-6 Device 0000:0000 Subsystem: 0000:0000
63    |Info:    [ResourceManager] Registering I2C interface: /dev/i2c-4 Device 8086:9BC4 Subsystem: 17AA:3FCF
63    |Info:    [ResourceManager] Registering I2C interface: /dev/i2c-2 Device 8086:9BC4 Subsystem: 17AA:3FCF
63    |Info:    [ResourceManager] Registering I2C interface: /dev/i2c-0 Device 0000:0000 Subsystem: 0000:0000
63    |Info:    [ResourceManager] Registering I2C interface: /dev/i2c-7 Device 10DE:1AD9 Subsystem: 17AA:3FCE
63    |Info:    [ResourceManager] Registering I2C interface: /dev/i2c-MSFT0001:01 Device 0000:0000 Subsystem: 0000:0000
63    |Info:    [ResourceManager] Registering I2C interface: /dev/i2c-5 Device 8086:9BC4 Subsystem: 17AA:3FCF
63    |Info:    ------------------------------------------------------
63    |Info:    |               Detecting I2C devices                |
63    |Info:    ------------------------------------------------------
450   |Info:    ------------------------------------------------------
450   |Info:    |            Detecting I2C DIMM modules              |
450   |Info:    ------------------------------------------------------
761   |Info:    [ResourceManager] Detected occupied slot 1, bus 2, type DDR4
973   |Info:    ------------------------------------------------------
973   |Info:    |               Detecting I2C PCI devices            |
973   |Info:    ------------------------------------------------------
974   |Info:    ------------------------------------------------------
974   |Info:    |               Detecting HID devices                |
974   |Info:    ------------------------------------------------------
977   |Info:    [Lenovo Legion 7 Gen 5] Registering RGB controller
977   |Info:    ------------------------------------------------------
977   |Info:    |            Detecting libusb HID devices            |
977   |Info:    ------------------------------------------------------
984   |Info:    ------------------------------------------------------
984   |Info:    |              Detecting other devices               |
984   |Info:    ------------------------------------------------------
1013  |Info:    [ResourceManager] Calling Post-detection callbacks
1013  |Info:    ------------------------------------------------------
1013  |Info:    |                Detection completed                 |
1013  |Info:    ------------------------------------------------------
1013  |Dialog:  <h2>Some internal devices may not be detected:</h2><p>One or more I2C or SMBus interfaces failed to initialize.</p><p><b>RGB DRAM modules, some motherboards' onboard RGB lighting, and RGB Graphics Cards, will not be available in OpenRGB</b> without I2C or SMBus.</p><h4>How to fix this:</h4><p>On Linux, this is usually because the i2c-dev module is not loaded.</p><p>You must load the i2c-dev module along with the correct i2c driver for your motherboard. This is usually i2c-piix4 for AMD systems and i2c-i801 for Intel systems.</p><p>See <a href='https://help.openrgb.org/'>help.openrgb.org</a> for additional troubleshooting steps if you keep seeing this message.<br></p><h3>If you are not using internal RGB on a desktop this message is not important to you.</h3>
