    OpenRGB v0.9+ (1.0rc2)
    Commit:  from 
    Launched: 20251204_085648
====================================================================================================

0     |Info:    [ProfileManager] Found file: default.orp attempting to validate header
2     |Info:    [ProfileManager] Valid v5 profile found for default
2     |Info:    [ProfileManager] Found file: test.orp attempting to validate header
2     |Info:    [ProfileManager] Valid v5 profile found for test
2     |Info:    [ProfileManager] Found file: off.orp attempting to validate header
3     |Info:    [ProfileManager] Valid v5 profile found for off
63    |Info:    [ResourceManager] Initializing HID interfaces: Success
63    |Info:    ------------------------------------------------------
63    |Info:    |               Start device detection               |
63    |Info:    ------------------------------------------------------
70    |Info:    ------------------------------------------------------
70    |Info:    |             Detecting I2C interfaces               |
70    |Info:    ------------------------------------------------------
70    |Info:    [ResourceManager] Registering I2C interface: /dev/i2c-3 Device 8086:9BC4 Subsystem: 17AA:3FCF
70    |Info:    [ResourceManager] Registering I2C interface: /dev/i2c-10 Device 10DE:1ED3 Subsystem: 17AA:3FCF
71    |Info:    [ResourceManager] Registering I2C interface: /dev/i2c-1 Device 0000:0000 Subsystem: 0000:0000
71    |Info:    [ResourceManager] Registering I2C interface: /dev/i2c-8 Device 10DE:1ED3 Subsystem: 17AA:3FCF
71    |Warning: [i2c_smbus_linux] Failed to read i2c device PCI device ID
71    |Info:    [ResourceManager] Registering I2C interface: /dev/i2c-6 Device 0000:0000 Subsystem: 0000:0000
72    |Info:    [ResourceManager] Registering I2C interface: /dev/i2c-13 Device 10DE:1ED3 Subsystem: 17AA:3FCF
72    |Info:    [ResourceManager] Registering I2C interface: /dev/i2c-4 Device 8086:9BC4 Subsystem: 17AA:3FCF
72    |Info:    [ResourceManager] Registering I2C interface: /dev/i2c-11 Device 10DE:1ED3 Subsystem: 17AA:3FCF
72    |Info:    [ResourceManager] Registering I2C interface: /dev/i2c-2 Device 8086:9BC4 Subsystem: 17AA:3FCF
73    |Info:    [ResourceManager] Registering I2C interface: /dev/i2c-0 Device 0000:0000 Subsystem: 0000:0000
73    |Info:    [ResourceManager] Registering I2C interface: /dev/i2c-9 Device 10DE:1ED3 Subsystem: 17AA:3FCF
73    |Info:    [ResourceManager] Registering I2C interface: /dev/i2c-7 Device 8086:06A3 Subsystem: 17AA:3804
74    |Info:    [ResourceManager] Registering I2C interface: /dev/i2c-MSFT0001:01 Device 0000:0000 Subsystem: 0000:0000
74    |Info:    [ResourceManager] Registering I2C interface: /dev/i2c-5 Device 8086:9BC4 Subsystem: 17AA:3FCF
74    |Info:    [ResourceManager] Registering I2C interface: /dev/i2c-12 Device 10DE:1ED3 Subsystem: 17AA:3FCF
74    |Info:    ------------------------------------------------------
74    |Info:    |               Detecting I2C devices                |
74    |Info:    ------------------------------------------------------
437   |Info:    ------------------------------------------------------
437   |Info:    |            Detecting I2C DIMM modules              |
437   |Info:    ------------------------------------------------------
711   |Info:    [ResourceManager] Detected occupied slot 1, bus 11, type DDR4
893   |Info:    ------------------------------------------------------
893   |Info:    |               Detecting I2C PCI devices            |
893   |Info:    ------------------------------------------------------
893   |Info:    ------------------------------------------------------
893   |Info:    |               Detecting HID devices                |
893   |Info:    ------------------------------------------------------
896   |Info:    [Lenovo Legion 7 Gen 5] Registering RGB controller
896   |Info:    ------------------------------------------------------
896   |Info:    |            Detecting libusb HID devices            |
896   |Info:    ------------------------------------------------------
905   |Info:    ------------------------------------------------------
905   |Info:    |              Detecting other devices               |
905   |Info:    ------------------------------------------------------
922   |Info:    [ResourceManager] Calling Post-detection callbacks
922   |Info:    ------------------------------------------------------
922   |Info:    |                Detection completed                 |
922   |Info:    ------------------------------------------------------
922   |Dialog:  <h2>Some internal devices may not be detected:</h2><p>One or more I2C or SMBus interfaces failed to initialize.</p><p><b>RGB DRAM modules, some motherboards' onboard RGB lighting, and RGB Graphics Cards, will not be available in OpenRGB</b> without I2C or SMBus.</p><h4>How to fix this:</h4><p>On Linux, this is usually because the i2c-dev module is not loaded.</p><p>You must load the i2c-dev module along with the correct i2c driver for your motherboard. This is usually i2c-piix4 for AMD systems and i2c-i801 for Intel systems.</p><p>See <a href='https://help.openrgb.org/'>help.openrgb.org</a> for additional troubleshooting steps if you keep seeing this message.<br></p><h3>If you are not using internal RGB on a desktop this message is not important to you.</h3>
922   |Info:    [ProfileManager] Profile loading: Succeeded for Lenovo Legion 7 Gen 5 @ 
