    OpenRGB v0.9+ (1.0rc2)
    Commit:  from 
    Launched: 20251126_195912
====================================================================================================

0     |Info:    [ProfileManager] Found file: default.orp attempting to validate header
1     |Info:    [ProfileManager] Valid v5 profile found for default
1     |Info:    [ProfileManager] Found file: test.orp attempting to validate header
1     |Info:    [ProfileManager] Valid v5 profile found for test
54    |Info:    [ResourceManager] Initializing HID interfaces: Success
54    |Info:    ------------------------------------------------------
54    |Info:    |               Start device detection               |
54    |Info:    ------------------------------------------------------
65    |Info:    ------------------------------------------------------
65    |Info:    |             Detecting I2C interfaces               |
65    |Info:    ------------------------------------------------------
65    |Info:    [ResourceManager] Registering I2C interface: /dev/i2c-3 Device 8086:9BC4 Subsystem: 17AA:3FCF
65    |Info:    [ResourceManager] Registering I2C interface: /dev/i2c-10 Device 10DE:1ED3 Subsystem: 17AA:3FCF
65    |Info:    [ResourceManager] Registering I2C interface: /dev/i2c-1 Device 0000:0000 Subsystem: 0000:0000
65    |Info:    [ResourceManager] Registering I2C interface: /dev/i2c-8 Device 8086:06A3 Subsystem: 17AA:3804
65    |Warning: [i2c_smbus_linux] Failed to read i2c device PCI device ID
65    |Info:    [ResourceManager] Registering I2C interface: /dev/i2c-6 Device 0000:0000 Subsystem: 0000:0000
65    |Info:    [ResourceManager] Registering I2C interface: /dev/i2c-13 Device 10DE:1ED3 Subsystem: 17AA:3FCF
65    |Info:    [ResourceManager] Registering I2C interface: /dev/i2c-4 Device 8086:9BC4 Subsystem: 17AA:3FCF
65    |Info:    [ResourceManager] Registering I2C interface: /dev/i2c-11 Device 10DE:1ED3 Subsystem: 17AA:3FCF
66    |Info:    [ResourceManager] Registering I2C interface: /dev/i2c-2 Device 8086:9BC4 Subsystem: 17AA:3FCF
66    |Info:    [ResourceManager] Registering I2C interface: /dev/i2c-0 Device 0000:0000 Subsystem: 0000:0000
66    |Info:    [ResourceManager] Registering I2C interface: /dev/i2c-9 Device 10DE:1ED3 Subsystem: 17AA:3FCF
66    |Info:    [ResourceManager] Registering I2C interface: /dev/i2c-7 Device 10DE:1AD9 Subsystem: 17AA:3FCE
66    |Info:    [ResourceManager] Registering I2C interface: /dev/i2c-MSFT0001:01 Device 0000:0000 Subsystem: 0000:0000
66    |Info:    [ResourceManager] Registering I2C interface: /dev/i2c-14 Device 10DE:1ED3 Subsystem: 17AA:3FCF
66    |Info:    [ResourceManager] Registering I2C interface: /dev/i2c-5 Device 8086:9BC4 Subsystem: 17AA:3FCF
66    |Info:    [ResourceManager] Registering I2C interface: /dev/i2c-12 Device 10DE:1ED3 Subsystem: 17AA:3FCF
66    |Info:    ------------------------------------------------------
66    |Info:    |               Detecting I2C devices                |
66    |Info:    ------------------------------------------------------
422   |Info:    ------------------------------------------------------
422   |Info:    |            Detecting I2C DIMM modules              |
422   |Info:    ------------------------------------------------------
682   |Info:    [ResourceManager] Detected occupied slot 1, bus 3, type DDR4
860   |Info:    ------------------------------------------------------
860   |Info:    |               Detecting I2C PCI devices            |
860   |Info:    ------------------------------------------------------
861   |Info:    ------------------------------------------------------
861   |Info:    |               Detecting HID devices                |
861   |Info:    ------------------------------------------------------
864   |Info:    [Lenovo Legion 7 Gen 5] Registering RGB controller
864   |Info:    ------------------------------------------------------
864   |Info:    |            Detecting libusb HID devices            |
864   |Info:    ------------------------------------------------------
881   |Info:    ------------------------------------------------------
882   |Info:    |              Detecting other devices               |
882   |Info:    ------------------------------------------------------
925   |Info:    [ResourceManager] Calling Post-detection callbacks
925   |Info:    ------------------------------------------------------
925   |Info:    |                Detection completed                 |
925   |Info:    ------------------------------------------------------
925   |Dialog:  <h2>Some internal devices may not be detected:</h2><p>One or more I2C or SMBus interfaces failed to initialize.</p><p><b>RGB DRAM modules, some motherboards' onboard RGB lighting, and RGB Graphics Cards, will not be available in OpenRGB</b> without I2C or SMBus.</p><h4>How to fix this:</h4><p>On Linux, this is usually because the i2c-dev module is not loaded.</p><p>You must load the i2c-dev module along with the correct i2c driver for your motherboard. This is usually i2c-piix4 for AMD systems and i2c-i801 for Intel systems.</p><p>See <a href='https://help.openrgb.org/'>help.openrgb.org</a> for additional troubleshooting steps if you keep seeing this message.<br></p><h3>If you are not using internal RGB on a desktop this message is not important to you.</h3>
926   |Info:    [ProfileManager] Profile loading: Succeeded for Lenovo Legion 7 Gen 5 @ 
