    OpenRGB v0.9+ (1.0rc2)
    Commit:  from 
    Launched: 20251204_095124
====================================================================================================

7     |Info:    [ProfileManager] Found file: default.orp attempting to validate header
7     |Info:    [ProfileManager] Valid v5 profile found for default
7     |Info:    [ProfileManager] Found file: test.orp attempting to validate header
7     |Info:    [ProfileManager] Valid v5 profile found for test
7     |Info:    [ProfileManager] Found file: off.orp attempting to validate header
7     |Info:    [ProfileManager] Valid v5 profile found for off
64    |Info:    [ResourceManager] Initializing HID interfaces: Success
64    |Info:    ------------------------------------------------------
64    |Info:    |               Start device detection               |
64    |Info:    ------------------------------------------------------
68    |Info:    ------------------------------------------------------
68    |Info:    |             Detecting I2C interfaces               |
68    |Info:    ------------------------------------------------------
68    |Info:    [ResourceManager] Registering I2C interface: /dev/i2c-3 Device 8086:9BC4 Subsystem: 17AA:3FCF
68    |Info:    [ResourceManager] Registering I2C interface: /dev/i2c-10 Device 10DE:1ED3 Subsystem: 17AA:3FCF
68    |Info:    [ResourceManager] Registering I2C interface: /dev/i2c-1 Device 0000:0000 Subsystem: 0000:0000
68    |Info:    [ResourceManager] Registering I2C interface: /dev/i2c-8 Device 10DE:1ED3 Subsystem: 17AA:3FCF
68    |Warning: [i2c_smbus_linux] Failed to read i2c device PCI device ID
68    |Info:    [ResourceManager] Registering I2C interface: /dev/i2c-6 Device 0000:0000 Subsystem: 0000:0000
68    |Info:    [ResourceManager] Registering I2C interface: /dev/i2c-13 Device 10DE:1ED3 Subsystem: 17AA:3FCF
68    |Info:    [ResourceManager] Registering I2C interface: /dev/i2c-4 Device 8086:9BC4 Subsystem: 17AA:3FCF
68    |Info:    [ResourceManager] Registering I2C interface: /dev/i2c-11 Device 10DE:1ED3 Subsystem: 17AA:3FCF
68    |Info:    [ResourceManager] Registering I2C interface: /dev/i2c-2 Device 8086:9BC4 Subsystem: 17AA:3FCF
68    |Info:    [ResourceManager] Registering I2C interface: /dev/i2c-0 Device 0000:0000 Subsystem: 0000:0000
68    |Info:    [ResourceManager] Registering I2C interface: /dev/i2c-9 Device 10DE:1ED3 Subsystem: 17AA:3FCF
68    |Info:    [ResourceManager] Registering I2C interface: /dev/i2c-7 Device 8086:06A3 Subsystem: 17AA:3804
68    |Info:    [ResourceManager] Registering I2C interface: /dev/i2c-MSFT0001:01 Device 0000:0000 Subsystem: 0000:0000
68    |Info:    [ResourceManager] Registering I2C interface: /dev/i2c-5 Device 8086:9BC4 Subsystem: 17AA:3FCF
69    |Info:    [ResourceManager] Registering I2C interface: /dev/i2c-12 Device 10DE:1ED3 Subsystem: 17AA:3FCF
69    |Info:    ------------------------------------------------------
69    |Info:    |               Detecting I2C devices                |
69    |Info:    ------------------------------------------------------
459   |Info:    ------------------------------------------------------
459   |Info:    |            Detecting I2C DIMM modules              |
459   |Info:    ------------------------------------------------------
820   |Info:    [ResourceManager] Detected occupied slot 1, bus 11, type DDR4
1053  |Info:    ------------------------------------------------------
1053  |Info:    |               Detecting I2C PCI devices            |
1053  |Info:    ------------------------------------------------------
1056  |Info:    ------------------------------------------------------
1056  |Info:    |               Detecting HID devices                |
1056  |Info:    ------------------------------------------------------
1060  |Info:    [Lenovo Legion 7 Gen 5] Registering RGB controller
1060  |Info:    ------------------------------------------------------
1060  |Info:    |            Detecting libusb HID devices            |
1060  |Info:    ------------------------------------------------------
1083  |Info:    ------------------------------------------------------
1083  |Info:    |              Detecting other devices               |
1083  |Info:    ------------------------------------------------------
1131  |Info:    [ResourceManager] Calling Post-detection callbacks
1131  |Info:    ------------------------------------------------------
1131  |Info:    |                Detection completed                 |
1131  |Info:    ------------------------------------------------------
1131  |Dialog:  <h2>Some internal devices may not be detected:</h2><p>One or more I2C or SMBus interfaces failed to initialize.</p><p><b>RGB DRAM modules, some motherboards' onboard RGB lighting, and RGB Graphics Cards, will not be available in OpenRGB</b> without I2C or SMBus.</p><h4>How to fix this:</h4><p>On Linux, this is usually because the i2c-dev module is not loaded.</p><p>You must load the i2c-dev module along with the correct i2c driver for your motherboard. This is usually i2c-piix4 for AMD systems and i2c-i801 for Intel systems.</p><p>See <a href='https://help.openrgb.org/'>help.openrgb.org</a> for additional troubleshooting steps if you keep seeing this message.<br></p><h3>If you are not using internal RGB on a desktop this message is not important to you.</h3>
1132  |Info:    [ProfileManager] Profile loading: Succeeded for Lenovo Legion 7 Gen 5 @ 
