    OpenRGB v0.9+ (1.0rc2)
    Commit:  from 
    Launched: 20251124_032051
====================================================================================================

53    |Info:    [ResourceManager] Saving detector settings
54    |Info:    [ResourceManager] Initializing HID interfaces: Success
54    |Info:    ------------------------------------------------------
54    |Info:    |               Start device detection               |
54    |Info:    ------------------------------------------------------
56    |Info:    ------------------------------------------------------
56    |Info:    |             Detecting I2C interfaces               |
56    |Info:    ------------------------------------------------------
56    |Info:    [ResourceManager] Registering I2C interface: /dev/i2c-3 Device 8086:9BC4 Subsystem: 17AA:3FCF
57    |Info:    [ResourceManager] Registering I2C interface: /dev/i2c-10 Device 10DE:1ED3 Subsystem: 17AA:3FCF
57    |Info:    [ResourceManager] Registering I2C interface: /dev/i2c-1 Device 0000:0000 Subsystem: 0000:0000
57    |Info:    [ResourceManager] Registering I2C interface: /dev/i2c-8 Device 8086:06A3 Subsystem: 17AA:3804
57    |Warning: [i2c_smbus_linux] Failed to read i2c device PCI device ID
57    |Info:    [ResourceManager] Registering I2C interface: /dev/i2c-6 Device 0000:0000 Subsystem: 0000:0000
57    |Info:    [ResourceManager] Registering I2C interface: /dev/i2c-13 Device 10DE:1ED3 Subsystem: 17AA:3FCF
57    |Info:    [ResourceManager] Registering I2C interface: /dev/i2c-4 Device 8086:9BC4 Subsystem: 17AA:3FCF
57    |Info:    [ResourceManager] Registering I2C interface: /dev/i2c-11 Device 10DE:1ED3 Subsystem: 17AA:3FCF
57    |Info:    [ResourceManager] Registering I2C interface: /dev/i2c-2 Device 8086:9BC4 Subsystem: 17AA:3FCF
57    |Info:    [ResourceManager] Registering I2C interface: /dev/i2c-0 Device 0000:0000 Subsystem: 0000:0000
57    |Info:    [ResourceManager] Registering I2C interface: /dev/i2c-9 Device 10DE:1ED3 Subsystem: 17AA:3FCF
57    |Info:    [ResourceManager] Registering I2C interface: /dev/i2c-7 Device 10DE:1AD9 Subsystem: 17AA:3FCE
57    |Info:    [ResourceManager] Registering I2C interface: /dev/i2c-MSFT0001:01 Device 0000:0000 Subsystem: 0000:0000
57    |Info:    [ResourceManager] Registering I2C interface: /dev/i2c-14 Device 10DE:1ED3 Subsystem: 17AA:3FCF
57    |Info:    [ResourceManager] Registering I2C interface: /dev/i2c-5 Device 8086:9BC4 Subsystem: 17AA:3FCF
57    |Info:    [ResourceManager] Registering I2C interface: /dev/i2c-12 Device 10DE:1ED3 Subsystem: 17AA:3FCF
57    |Info:    ------------------------------------------------------
57    |Info:    |               Detecting I2C devices                |
57    |Info:    ------------------------------------------------------
349   |Info:    ------------------------------------------------------
349   |Info:    |            Detecting I2C DIMM modules              |
349   |Info:    ------------------------------------------------------
633   |Info:    [ResourceManager] Detected occupied slot 1, bus 3, type DDR4
825   |Info:    ------------------------------------------------------
825   |Info:    |               Detecting I2C PCI devices            |
825   |Info:    ------------------------------------------------------
826   |Info:    ------------------------------------------------------
826   |Info:    |               Detecting HID devices                |
826   |Info:    ------------------------------------------------------
830   |Info:    [Lenovo Legion 7 Gen 5] Registering RGB controller
830   |Info:    ------------------------------------------------------
830   |Info:    |            Detecting libusb HID devices            |
830   |Info:    ------------------------------------------------------
835   |Info:    ------------------------------------------------------
835   |Info:    |              Detecting other devices               |
835   |Info:    ------------------------------------------------------
858   |Info:    [ResourceManager] Calling Post-detection callbacks
858   |Info:    ------------------------------------------------------
858   |Info:    |                Detection completed                 |
858   |Info:    ------------------------------------------------------
858   |Dialog:  <h2>Some internal devices may not be detected:</h2><p>One or more I2C or SMBus interfaces failed to initialize.</p><p><b>RGB DRAM modules, some motherboards' onboard RGB lighting, and RGB Graphics Cards, will not be available in OpenRGB</b> without I2C or SMBus.</p><h4>How to fix this:</h4><p>On Linux, this is usually because the i2c-dev module is not loaded.</p><p>You must load the i2c-dev module along with the correct i2c driver for your motherboard. This is usually i2c-piix4 for AMD systems and i2c-i801 for Intel systems.</p><p>See <a href='https://help.openrgb.org/'>help.openrgb.org</a> for additional troubleshooting steps if you keep seeing this message.<br></p><h3>If you are not using internal RGB on a desktop this message is not important to you.</h3>
236682|Info:    [ProfileManager] Found file: default.orp attempting to validate header
236682|Info:    [ProfileManager] Valid v5 profile found for default
795060|Info:    [ProfileManager] Found file: default.orp attempting to validate header
795060|Info:    [ProfileManager] Valid v5 profile found for default
1719149|Info:    [ProfileManager] Found file: default.orp attempting to validate header
1719149|Info:    [ProfileManager] Valid v5 profile found for default
1817989|Info:    [ProfileManager] Found file: default.orp attempting to validate header
1817989|Info:    [ProfileManager] Valid v5 profile found for default
